<?xml version="1.0" encoding="UTF-8"?>
<!-- Generated by org.testng.reporters.JUnitReportReporter -->
<testsuite hostname="Vinnie" failures="0" tests="2" name="campaign_test.CreateCampaign" time="24.919" errors="0" timestamp="2025-04-02T00:08:10 IST" skipped="0">
  <testcase classname="campaign_test.CreateCampaign" name="CreateCampaignWithDateTest" time="12.077"/>
  <system-out>
    <![CDATA[campaignBanner_1960successfully added]]>
  </system-out>
  <testcase classname="campaign_test.CreateCampaign" name="CreateCampaignTest" time="12.842"/>
  <system-out>
    <![CDATA[Campaign Banner_6402 added successfully]]>
  </system-out>
</testsuite> <!-- campaign_test.CreateCampaign -->
