<?xml version="1.0" encoding="UTF-8"?>
<!-- Generated by org.testng.reporters.JUnitReportReporter -->
<testsuite hostname="Vinnie" failures="0" tests="1" name="product_test.AddProduct" time="18.508" errors="0" timestamp="2025-04-02T00:08:10 IST" skipped="0">
  <testcase classname="product_test.AddProduct" name="AddProductTest" time="18.508"/>
  <system-out/>
</testsuite> <!-- product_test.AddProduct -->
