<?xml version="1.0" encoding="UTF-8"?>
<!-- Generated by org.testng.reporters.JUnitReportReporter -->
<testsuite hostname="Vinnie" failures="0" tests="1" name="contact_test.CreateContact" time="27.255" errors="0" timestamp="2025-04-02T00:08:10 IST" skipped="0">
  <testcase classname="contact_test.CreateContact" name="CreateContactTest" time="27.255"/>
  <system-out/>
</testsuite> <!-- contact_test.CreateContact -->
