<?xml version="1.0" encoding="UTF-8"?>
<!-- Generated by org.testng.reporters.JUnitReportReporter -->
<testsuite hostname="Vinnie" failures="0" tests="3" name="ddt_practice.DataProviderUsage" time="0.006" errors="0" timestamp="2025-04-01T23:39:14 IST" skipped="0">
  <testcase classname="ddt_practice.DataProviderUsage" name="testCase" time="0.001"/>
  <system-out/>
  <testcase classname="ddt_practice.DataProviderUsage" name="testCase" time="0.004"/>
  <system-out/>
  <testcase classname="ddt_practice.DataProviderUsage" name="testCase" time="0.001"/>
  <system-out/>
</testsuite> <!-- ddt_practice.DataProviderUsage -->
